<?xml version="1.0" encoding="UTF-8" ?>
<testsuite tests="1" failures="0" name="MyTest" time="6.959" errors="1" skipped="0">
  <properties>
[...]
</properties>
  <testcase classname="MyTest" name="test" time="6.959">
    <error message="nested exception is org.apache.ibatis.exceptions.PersistenceException: 
### Error querying database.  Cause: org.springframework.jdbc.CannotGetJdbcConnectionException: Could not get JDBC Connection; nested exception is org.apache.commons.dbcp.SQLNestedException: Cannot create PoolableConnectionFactory (Communications link failure

Last packet sent to the server was 0 ms ago.)
### The error may exist in file [C:\Users\mingy\Desktop\second\bookmall\target\classes\mappers\UserMapper.xml]
### The error may involve com.bookmall.dao.UserMapper.checkUsername
### The error occurred while executing a query
### Cause: org.springframework.jdbc.CannotGetJdbcConnectionException: Could not get JDBC Connection; nested exception is org.apache.commons.dbcp.SQLNestedException: Cannot create PoolableConnectionFactory (Communications link failure

Last packet sent to the server was 0 ms ago.)" type="org.mybatis.spring.MyBatisSystemException">org.mybatis.spring.MyBatisSystemException: nested exception is org.apache.ibatis.exceptions.PersistenceException: 
### Error querying database.  Cause: org.springframework.jdbc.CannotGetJdbcConnectionException: Could not get JDBC Connection; nested exception is org.apache.commons.dbcp.SQLNestedException: Cannot create PoolableConnectionFactory (Communications link failure

Last packet sent to the server was 0 ms ago.)
### The error may exist in file [C:\Users\mingy\Desktop\second\bookmall\target\classes\mappers\UserMapper.xml]
### The error may involve com.bookmall.dao.UserMapper.checkUsername
### The error occurred while executing a query
### Cause: org.springframework.jdbc.CannotGetJdbcConnectionException: Could not get JDBC Connection; nested exception is org.apache.commons.dbcp.SQLNestedException: Cannot create PoolableConnectionFactory (Communications link failure

Last packet sent to the server was 0 ms ago.)
	at org.mybatis.spring.MyBatisExceptionTranslator.translateExceptionIfPossible(MyBatisExceptionTranslator.java:79)
	at org.mybatis.spring.SqlSessionTemplate$SqlSessionInterceptor.invoke(SqlSessionTemplate.java:447)
	at com.sun.proxy.$Proxy27.selectOne(Unknown Source)
	at org.mybatis.spring.SqlSessionTemplate.selectOne(SqlSessionTemplate.java:167)
	at org.apache.ibatis.binding.MapperMethod.execute(MapperMethod.java:82)
	at org.apache.ibatis.binding.MapperProxy.invoke(MapperProxy.java:53)
	at com.sun.proxy.$Proxy28.checkUsername(Unknown Source)
	at com.bookmall.service.impl.UserServiceImpl.checkValid(UserServiceImpl.java:52)
	at MyTest.test(MyTest.java:34)
	at java.base/jdk.internal.reflect.NativeMethodAccessorImpl.invoke0(Native Method)
	at java.base/jdk.internal.reflect.NativeMethodAccessorImpl.invoke(NativeMethodAccessorImpl.java:62)
	at java.base/jdk.internal.reflect.DelegatingMethodAccessorImpl.invoke(DelegatingMethodAccessorImpl.java:43)
	at java.base/java.lang.reflect.Method.invoke(Method.java:567)
	at org.junit.runners.model.FrameworkMethod$1.runReflectiveCall(FrameworkMethod.java:50)
	at org.junit.internal.runners.model.ReflectiveCallable.run(ReflectiveCallable.java:12)
	at org.junit.runners.model.FrameworkMethod.invokeExplosively(FrameworkMethod.java:47)
	at org.junit.internal.runners.statements.InvokeMethod.evaluate(InvokeMethod.java:17)
	at org.junit.internal.runners.statements.RunBefores.evaluate(RunBefores.java:26)
	at org.junit.internal.runners.statements.RunAfters.evaluate(RunAfters.java:27)
	at org.junit.runners.ParentRunner.runLeaf(ParentRunner.java:325)
	at org.junit.runners.BlockJUnit4ClassRunner.runChild(BlockJUnit4ClassRunner.java:78)
	at org.junit.runners.BlockJUnit4ClassRunner.runChild(BlockJUnit4ClassRunner.java:57)
	at org.junit.runners.ParentRunner$3.run(ParentRunner.java:290)
	at org.junit.runners.ParentRunner$1.schedule(ParentRunner.java:71)
	at org.junit.runners.ParentRunner.runChildren(ParentRunner.java:288)
	at org.junit.runners.ParentRunner.access$000(ParentRunner.java:58)
	at org.junit.runners.ParentRunner$2.evaluate(ParentRunner.java:268)
	at org.junit.runners.ParentRunner.run(ParentRunner.java:363)
	at org.apache.maven.surefire.junit4.JUnit4Provider.execute(JUnit4Provider.java:252)
	at org.apache.maven.surefire.junit4.JUnit4Provider.executeTestSet(JUnit4Provider.java:141)
	at org.apache.maven.surefire.junit4.JUnit4Provider.invoke(JUnit4Provider.java:112)
	at java.base/jdk.internal.reflect.NativeMethodAccessorImpl.invoke0(Native Method)
	at java.base/jdk.internal.reflect.NativeMethodAccessorImpl.invoke(NativeMethodAccessorImpl.java:62)
	at java.base/jdk.internal.reflect.DelegatingMethodAccessorImpl.invoke(DelegatingMethodAccessorImpl.java:43)
	at java.base/java.lang.reflect.Method.invoke(Method.java:567)
	at org.apache.maven.surefire.util.ReflectionUtils.invokeMethodWithArray(ReflectionUtils.java:189)
	at org.apache.maven.surefire.booter.ProviderFactory$ProviderProxy.invoke(ProviderFactory.java:165)
	at org.apache.maven.surefire.booter.ProviderFactory.invokeProvider(ProviderFactory.java:85)
	at org.apache.maven.surefire.booter.ForkedBooter.runSuitesInProcess(ForkedBooter.java:115)
	at org.apache.maven.surefire.booter.ForkedBooter.main(ForkedBooter.java:75)
Caused by: org.apache.ibatis.exceptions.PersistenceException: 
### Error querying database.  Cause: org.springframework.jdbc.CannotGetJdbcConnectionException: Could not get JDBC Connection; nested exception is org.apache.commons.dbcp.SQLNestedException: Cannot create PoolableConnectionFactory (Communications link failure

Last packet sent to the server was 0 ms ago.)
### The error may exist in file [C:\Users\mingy\Desktop\second\bookmall\target\classes\mappers\UserMapper.xml]
### The error may involve com.bookmall.dao.UserMapper.checkUsername
### The error occurred while executing a query
### Cause: org.springframework.jdbc.CannotGetJdbcConnectionException: Could not get JDBC Connection; nested exception is org.apache.commons.dbcp.SQLNestedException: Cannot create PoolableConnectionFactory (Communications link failure

Last packet sent to the server was 0 ms ago.)
	at org.apache.ibatis.exceptions.ExceptionFactory.wrapException(ExceptionFactory.java:30)
	at org.apache.ibatis.session.defaults.DefaultSqlSession.selectList(DefaultSqlSession.java:150)
	at org.apache.ibatis.session.defaults.DefaultSqlSession.selectList(DefaultSqlSession.java:141)
	at org.apache.ibatis.session.defaults.DefaultSqlSession.selectOne(DefaultSqlSession.java:77)
	at java.base/jdk.internal.reflect.NativeMethodAccessorImpl.invoke0(Native Method)
	at java.base/jdk.internal.reflect.NativeMethodAccessorImpl.invoke(NativeMethodAccessorImpl.java:62)
	at java.base/jdk.internal.reflect.DelegatingMethodAccessorImpl.invoke(DelegatingMethodAccessorImpl.java:43)
	at java.base/java.lang.reflect.Method.invoke(Method.java:567)
	at org.mybatis.spring.SqlSessionTemplate$SqlSessionInterceptor.invoke(SqlSessionTemplate.java:434)
	... 38 more
Caused by: org.springframework.jdbc.CannotGetJdbcConnectionException: Could not get JDBC Connection; nested exception is org.apache.commons.dbcp.SQLNestedException: Cannot create PoolableConnectionFactory (Communications link failure

Last packet sent to the server was 0 ms ago.)
	at org.springframework.jdbc.datasource.DataSourceUtils.getConnection(DataSourceUtils.java:80)
	at org.mybatis.spring.transaction.SpringManagedTransaction.openConnection(SpringManagedTransaction.java:84)
	at org.mybatis.spring.transaction.SpringManagedTransaction.getConnection(SpringManagedTransaction.java:70)
	at org.apache.ibatis.executor.BaseExecutor.getConnection(BaseExecutor.java:336)
	at org.apache.ibatis.executor.SimpleExecutor.prepareStatement(SimpleExecutor.java:84)
	at org.apache.ibatis.executor.SimpleExecutor.doQuery(SimpleExecutor.java:62)
	at org.apache.ibatis.executor.BaseExecutor.queryFromDatabase(BaseExecutor.java:324)
	at org.apache.ibatis.executor.BaseExecutor.query(BaseExecutor.java:156)
	at org.apache.ibatis.executor.CachingExecutor.query(CachingExecutor.java:109)
	at org.apache.ibatis.executor.CachingExecutor.query(CachingExecutor.java:83)
	at java.base/jdk.internal.reflect.NativeMethodAccessorImpl.invoke0(Native Method)
	at java.base/jdk.internal.reflect.NativeMethodAccessorImpl.invoke(NativeMethodAccessorImpl.java:62)
	at java.base/jdk.internal.reflect.DelegatingMethodAccessorImpl.invoke(DelegatingMethodAccessorImpl.java:43)
	at java.base/java.lang.reflect.Method.invoke(Method.java:567)
	at org.apache.ibatis.plugin.Invocation.proceed(Invocation.java:49)
	at com.github.pagehelper.SqlUtil._processPage(SqlUtil.java:401)
	at com.github.pagehelper.SqlUtil.processPage(SqlUtil.java:374)
	at com.github.pagehelper.PageHelper.intercept(PageHelper.java:250)
	at org.apache.ibatis.plugin.Plugin.invoke(Plugin.java:61)
	at com.sun.proxy.$Proxy30.query(Unknown Source)
	at org.apache.ibatis.session.defaults.DefaultSqlSession.selectList(DefaultSqlSession.java:148)
	... 45 more
Caused by: org.apache.commons.dbcp.SQLNestedException: Cannot create PoolableConnectionFactory (Communications link failure

Last packet sent to the server was 0 ms ago.)
	at org.apache.commons.dbcp.BasicDataSource.createPoolableConnectionFactory(BasicDataSource.java:1549)
	at org.apache.commons.dbcp.BasicDataSource.createDataSource(BasicDataSource.java:1388)
	at org.apache.commons.dbcp.BasicDataSource.getConnection(BasicDataSource.java:1044)
	at org.springframework.jdbc.datasource.DataSourceUtils.doGetConnection(DataSourceUtils.java:111)
	at org.springframework.jdbc.datasource.DataSourceUtils.getConnection(DataSourceUtils.java:77)
	... 65 more
Caused by: com.mysql.jdbc.exceptions.jdbc4.CommunicationsException: Communications link failure

Last packet sent to the server was 0 ms ago.
	at java.base/jdk.internal.reflect.NativeConstructorAccessorImpl.newInstance0(Native Method)
	at java.base/jdk.internal.reflect.NativeConstructorAccessorImpl.newInstance(NativeConstructorAccessorImpl.java:62)
	at java.base/jdk.internal.reflect.DelegatingConstructorAccessorImpl.newInstance(DelegatingConstructorAccessorImpl.java:45)
	at java.base/java.lang.reflect.Constructor.newInstanceWithCaller(Constructor.java:500)
	at java.base/java.lang.reflect.Constructor.newInstance(Constructor.java:481)
	at com.mysql.jdbc.Util.handleNewInstance(Util.java:406)
	at com.mysql.jdbc.SQLError.createCommunicationsException(SQLError.java:1074)
	at com.mysql.jdbc.ConnectionImpl.createNewIO(ConnectionImpl.java:2103)
	at com.mysql.jdbc.ConnectionImpl.&lt;init&gt;(ConnectionImpl.java:718)
	at com.mysql.jdbc.JDBC4Connection.&lt;init&gt;(JDBC4Connection.java:46)
	at java.base/jdk.internal.reflect.NativeConstructorAccessorImpl.newInstance0(Native Method)
	at java.base/jdk.internal.reflect.NativeConstructorAccessorImpl.newInstance(NativeConstructorAccessorImpl.java:62)
	at java.base/jdk.internal.reflect.DelegatingConstructorAccessorImpl.newInstance(DelegatingConstructorAccessorImpl.java:45)
	at java.base/java.lang.reflect.Constructor.newInstanceWithCaller(Constructor.java:500)
	at java.base/java.lang.reflect.Constructor.newInstance(Constructor.java:481)
	at com.mysql.jdbc.Util.handleNewInstance(Util.java:406)
	at com.mysql.jdbc.ConnectionImpl.getInstance(ConnectionImpl.java:302)
	at com.mysql.jdbc.NonRegisteringDriver.connect(NonRegisteringDriver.java:282)
	at org.apache.commons.dbcp.DriverConnectionFactory.createConnection(DriverConnectionFactory.java:38)
	at org.apache.commons.dbcp.PoolableConnectionFactory.makeObject(PoolableConnectionFactory.java:582)
	at org.apache.commons.dbcp.BasicDataSource.validateConnectionFactory(BasicDataSource.java:1556)
	at org.apache.commons.dbcp.BasicDataSource.createPoolableConnectionFactory(BasicDataSource.java:1545)
	... 69 more
Caused by: java.net.ConnectException: Connection refused: connect
	at java.base/java.net.PlainSocketImpl.connect0(Native Method)
	at java.base/java.net.PlainSocketImpl.socketConnect(PlainSocketImpl.java:101)
	at java.base/java.net.AbstractPlainSocketImpl.doConnect(AbstractPlainSocketImpl.java:399)
	at java.base/java.net.AbstractPlainSocketImpl.connectToAddress(AbstractPlainSocketImpl.java:242)
	at java.base/java.net.AbstractPlainSocketImpl.connect(AbstractPlainSocketImpl.java:224)
	at java.base/java.net.SocksSocketImpl.connect(SocksSocketImpl.java:403)
	at java.base/java.net.Socket.connect(Socket.java:591)
	at java.base/java.net.Socket.connect(Socket.java:540)
	at java.base/java.net.Socket.&lt;init&gt;(Socket.java:436)
	at java.base/java.net.Socket.&lt;init&gt;(Socket.java:246)
	at com.mysql.jdbc.StandardSocketFactory.connect(StandardSocketFactory.java:253)
	at com.mysql.jdbc.MysqlIO.&lt;init&gt;(MysqlIO.java:280)
	at com.mysql.jdbc.ConnectionImpl.createNewIO(ConnectionImpl.java:2026)
	... 83 more
</error>
    <system-out>before
17:50:31,852 |-INFO in ch.qos.logback.classic.LoggerContext[default] - Could NOT find resource [logback.groovy]
17:50:31,852 |-INFO in ch.qos.logback.classic.LoggerContext[default] - Could NOT find resource [logback-test.xml]
17:50:31,853 |-INFO in ch.qos.logback.classic.LoggerContext[default] - Found resource [logback.xml] at [file:/C:/Users/mingy/Desktop/second/bookmall/target/classes/logback.xml]
17:50:31,948 |-INFO in ch.qos.logback.classic.joran.action.ConfigurationAction - debug attribute not set
17:50:31,951 |-INFO in ch.qos.logback.classic.joran.action.ConfigurationAction - Setting ReconfigureOnChangeFilter scanning period to 1 minutes
17:50:31,952 |-INFO in ReconfigureOnChangeFilter{invocationCounter=0} - Will scan for changes in [[C:\Users\mingy\Desktop\second\bookmall\target\classes\logback.xml]] every 60 seconds. 
17:50:31,952 |-INFO in ch.qos.logback.classic.joran.action.ConfigurationAction - Adding ReconfigureOnChangeFilter as a turbo filter
17:50:31,974 |-INFO in ch.qos.logback.core.joran.action.AppenderAction - About to instantiate appender of type [ch.qos.logback.core.ConsoleAppender]
17:50:31,978 |-INFO in ch.qos.logback.core.joran.action.AppenderAction - Naming appender as [console]
17:50:31,996 |-ERROR in ch.qos.logback.core.joran.spi.Interpreter@4:19 - no applicable action for [encoding], current ElementPath  is [[configuration][appender][encoding]]
17:50:32,001 |-INFO in ch.qos.logback.core.joran.action.NestedComplexPropertyIA - Assuming default type [ch.qos.logback.classic.encoder.PatternLayoutEncoder] for [encoder] property
17:50:32,098 |-INFO in ch.qos.logback.core.joran.action.AppenderAction - About to instantiate appender of type [ch.qos.logback.core.rolling.RollingFileAppender]
17:50:32,103 |-INFO in ch.qos.logback.core.joran.action.AppenderAction - Naming appender as [bookmall]
17:50:32,121 |-ERROR in ch.qos.logback.core.joran.spi.Interpreter@17:21 - no applicable action for [append], current ElementPath  is [[configuration][appender][rollingPolicy][append]]
17:50:32,127 |-INFO in c.q.l.core.rolling.TimeBasedRollingPolicy - Will use gz compression
17:50:32,130 |-INFO in c.q.l.core.rolling.TimeBasedRollingPolicy - Will use the pattern /developer/apache-tomcat-7.0.73/logs/bookmall.log.%d{yyyy-MM-dd} for the active file
17:50:32,137 |-INFO in c.q.l.core.rolling.DefaultTimeBasedFileNamingAndTriggeringPolicy - The date pattern is &apos;yyyy-MM-dd&apos; from file name pattern &apos;/developer/apache-tomcat-7.0.73/logs/bookmall.log.%d{yyyy-MM-dd}.gz&apos;.
17:50:32,137 |-INFO in c.q.l.core.rolling.DefaultTimeBasedFileNamingAndTriggeringPolicy - Roll-over at midnight.
17:50:32,138 |-INFO in c.q.l.core.rolling.DefaultTimeBasedFileNamingAndTriggeringPolicy - Setting initial period to Sat Nov 21 17:50:32 PST 2020
17:50:32,140 |-INFO in ch.qos.logback.core.joran.action.NestedComplexPropertyIA - Assuming default type [ch.qos.logback.classic.encoder.PatternLayoutEncoder] for [encoder] property
17:50:32,144 |-INFO in ch.qos.logback.core.rolling.RollingFileAppender[bookmall] - Active log file name: /developer/apache-tomcat-7.0.73/logs/bookmall.log
17:50:32,144 |-INFO in ch.qos.logback.core.rolling.RollingFileAppender[bookmall] - File property is set to [/developer/apache-tomcat-7.0.73/logs/bookmall.log]
17:50:32,150 |-INFO in ch.qos.logback.core.joran.action.AppenderAction - About to instantiate appender of type [ch.qos.logback.core.rolling.RollingFileAppender]
17:50:32,150 |-INFO in ch.qos.logback.core.joran.action.AppenderAction - Naming appender as [error]
17:50:32,151 |-ERROR in ch.qos.logback.core.joran.spi.Interpreter@32:21 - no applicable action for [append], current ElementPath  is [[configuration][appender][rollingPolicy][append]]
17:50:32,151 |-INFO in c.q.l.core.rolling.TimeBasedRollingPolicy - Will use gz compression
17:50:32,152 |-INFO in c.q.l.core.rolling.TimeBasedRollingPolicy - Will use the pattern /devsoft/apache-tomcat-7.0.73/logs/error.log.%d{yyyy-MM-dd} for the active file
17:50:32,153 |-INFO in c.q.l.core.rolling.DefaultTimeBasedFileNamingAndTriggeringPolicy - The date pattern is &apos;yyyy-MM-dd&apos; from file name pattern &apos;/devsoft/apache-tomcat-7.0.73/logs/error.log.%d{yyyy-MM-dd}.gz&apos;.
17:50:32,153 |-INFO in c.q.l.core.rolling.DefaultTimeBasedFileNamingAndTriggeringPolicy - Roll-over at midnight.
17:50:32,153 |-INFO in c.q.l.core.rolling.DefaultTimeBasedFileNamingAndTriggeringPolicy - Setting initial period to Sat Nov 21 17:50:32 PST 2020
17:50:32,154 |-INFO in ch.qos.logback.core.joran.action.NestedComplexPropertyIA - Assuming default type [ch.qos.logback.classic.encoder.PatternLayoutEncoder] for [encoder] property
17:50:32,162 |-INFO in ch.qos.logback.core.rolling.RollingFileAppender[error] - Active log file name: /developer/apache-tomcat-7.0.73/logs/error.log
17:50:32,162 |-INFO in ch.qos.logback.core.rolling.RollingFileAppender[error] - File property is set to [/developer/apache-tomcat-7.0.73/logs/error.log]
17:50:32,164 |-INFO in ch.qos.logback.classic.joran.action.LoggerAction - Setting level of logger [com.bookmall] to INFO
17:50:32,164 |-INFO in ch.qos.logback.classic.joran.action.LoggerAction - Setting additivity of logger [com.bookmall] to false
17:50:32,164 |-INFO in ch.qos.logback.core.joran.action.AppenderRefAction - Attaching appender named [bookmall] to Logger[com.bookmall]
17:50:32,166 |-INFO in ch.qos.logback.core.joran.action.AppenderRefAction - Attaching appender named [console] to Logger[com.bookmall]
17:50:32,166 |-INFO in ch.qos.logback.classic.joran.action.LoggerAction - Setting level of logger [com.bookmall.dao] to DEBUG
17:50:32,166 |-INFO in ch.qos.logback.classic.joran.action.RootLoggerAction - Setting level of ROOT logger to DEBUG
17:50:32,166 |-INFO in ch.qos.logback.core.joran.action.AppenderRefAction - Attaching appender named [console] to Logger[ROOT]
17:50:32,166 |-INFO in ch.qos.logback.core.joran.action.AppenderRefAction - Attaching appender named [error] to Logger[ROOT]
17:50:32,166 |-INFO in ch.qos.logback.classic.joran.action.ConfigurationAction - End of configuration.
17:50:32,167 |-INFO in ch.qos.logback.classic.joran.JoranConfigurator@1ecee32c - Registering current configuration as safe fallback point

[17:50:32.187][DEBUG][org.apache.ibatis.logging.LogFactory][main] Logging initialized using &apos;class org.apache.ibatis.logging.slf4j.Slf4jImpl&apos; adapter.
[17:50:32.356][DEBUG][org.mybatis.spring.SqlSessionFactoryBean][main] Property `configuration` or &apos;configLocation&apos; not specified, using default MyBatis Configuration
[17:50:32.437][DEBUG][org.mybatis.spring.SqlSessionFactoryBean][main] Registered plugin: &apos;com.github.pagehelper.PageHelper@485a3466&apos;
[17:50:32.639][DEBUG][org.mybatis.spring.SqlSessionFactoryBean][main] Parsed mapper file: &apos;file [C:\Users\mingy\Desktop\second\bookmall\target\classes\mappers\CartMapper.xml]&apos;
[17:50:32.695][DEBUG][org.mybatis.spring.SqlSessionFactoryBean][main] Parsed mapper file: &apos;file [C:\Users\mingy\Desktop\second\bookmall\target\classes\mappers\CategoryMapper.xml]&apos;
[17:50:32.730][DEBUG][org.mybatis.spring.SqlSessionFactoryBean][main] Parsed mapper file: &apos;file [C:\Users\mingy\Desktop\second\bookmall\target\classes\mappers\ProductMapper.xml]&apos;
[17:50:32.789][DEBUG][org.mybatis.spring.SqlSessionFactoryBean][main] Parsed mapper file: &apos;file [C:\Users\mingy\Desktop\second\bookmall\target\classes\mappers\UserMapper.xml]&apos;
[17:50:32.955][DEBUG][org.mybatis.spring.SqlSessionUtils][main] Creating a new SqlSession
[17:50:32.974][DEBUG][org.mybatis.spring.SqlSessionUtils][main] SqlSession [org.apache.ibatis.session.defaults.DefaultSqlSession@7889a1ac] was not registered for synchronization because synchronization is not active
[17:50:37.188][DEBUG][org.mybatis.spring.SqlSessionUtils][main] Closing non transactional SqlSession [org.apache.ibatis.session.defaults.DefaultSqlSession@7889a1ac]
after
</system-out>
    <system-err>11月 21, 2020 5:50:30 下午 org.springframework.context.support.AbstractApplicationContext prepareRefresh
信息: Refreshing org.springframework.context.support.ClassPathXmlApplicationContext@eec5a4a: startup date [Sat Nov 21 17:50:30 PST 2020]; root of context hierarchy
11月 21, 2020 5:50:30 下午 org.springframework.beans.factory.xml.XmlBeanDefinitionReader loadBeanDefinitions
信息: Loading XML bean definitions from class path resource [applicationContext.xml]
11月 21, 2020 5:50:31 下午 org.springframework.beans.factory.xml.XmlBeanDefinitionReader loadBeanDefinitions
信息: Loading XML bean definitions from class path resource [applicationContext-datasource.xml]
11月 21, 2020 5:50:31 下午 org.springframework.core.io.support.PropertiesLoaderSupport loadProperties
信息: Loading properties file from class path resource [datasource.properties]
</system-err>
  </testcase>
</testsuite>